{
  "RSpec": {
    "coverage": {
      "/Users/USER/Documents/workspace/grimm/spec/features/feature_spec.rb": [
        1,
        null,
        1,
        null,
        1,
        1,
        1,
        1,
        null,
        null,
        1,
        1,
        1,
        1,
        1,
        1,
        1,
        1,
        1,
        null,
        null,
        1,
        1,
        1,
        1,
        1,
        1,
        1,
        1,
        1,
        1,
        null,
        null,
        1,
        1,
        1,
        1,
        1,
        1,
        1,
        1,
        1,
        null,
        null,
        1,
        1,
        1,
        null,
        null,
        null,
        1,
        1,
        1,
        null,
        null
      ],
      "/Users/USER/Documents/workspace/grimm/spec/features/feature_helper.rb": [
        1,
        1,
        1,
        1,
        null,
        1,
        1,
        23,
        23,
        23,
        23,
        23,
        23,
        23,
        23,
        null,
        null
      ],
      "/Users/USER/Documents/workspace/grimm/spec/features/grimm_app/test_helper.rb": [
        1,
        1,
        1,
        1,
        null,
        1,
        1,
        1,
        null
      ],
      "/Users/USER/Documents/workspace/grimm/spec/features/grimm_app/config/application.rb": [
        1,
        1,
        1,
        1,
        1,
        null,
        null
      ],
      "/Users/USER/Documents/workspace/grimm/lib/grimm.rb": [
        1,
        1,
        1,
        1,
        1,
        1,
        1,
        null,
        1,
        1,
        1,
        1,
        39,
        39,
        1,
        null,
        38,
        38,
        2,
        null,
        null,
        null,
        36,
        null,
        null,
        null,
        1,
        1,
        null,
        null,
        1,
        38,
        null,
        null,
        null
      ],
      "/Users/USER/Documents/workspace/grimm/lib/grimm/controller.rb": [
        1,
        null,
        1,
        1,
        1,
        null,
        1,
        36,
        null,
        null,
        1,
        21,
        null,
        null,
        1,
        28,
        null,
        null,
        1,
        28,
        null,
        null,
        1,
        28,
        null,
        null,
        28,
        28,
        28,
        null,
        28,
        28,
        null,
        null,
        null,
        1,
        28,
        28,
        48,
        48,
        null,
        28,
        null,
        null,
        1,
        72,
        null,
        null,
        1,
        28,
        null,
        null,
        1,
        8,
        null,
        null,
        1,
        36,
        36,
        8,
        null,
        28,
        28,
        null,
        null,
        null,
        1,
        36,
        null,
        null,
        null
      ],
      "/Users/USER/Documents/workspace/grimm/lib/grimm/utilities.rb": [
        1,
        1,
        67,
        null,
        null,
        67,
        null,
        null,
        1,
        45,
        9,
        null,
        null
      ],
      "/Users/USER/Documents/workspace/grimm/lib/grimm/dependencies.rb": [
        1,
        1,
        38,
        38,
        null,
        null
      ],
      "/Users/USER/Documents/workspace/grimm/lib/grimm/routing.rb": [
        1,
        1,
        1,
        1,
        5,
        null,
        null,
        1,
        1,
        5,
        8,
        28,
        8,
        8,
        13,
        null,
        8,
        null,
        null,
        null,
        null,
        1,
        13,
        4,
        4,
        null,
        9,
        null,
        null,
        null,
        1,
        8,
        null,
        8,
        null,
        null,
        1,
        null,
        1,
        1,
        null,
        null,
        1,
        1,
        null,
        null,
        1,
        1,
        1,
        1,
        1,
        1,
        1,
        1,
        1,
        null,
        null,
        1,
        38,
        38,
        38,
        72,
        null,
        38,
        null,
        null,
        1,
        38,
        36,
        36,
        36,
        36,
        6,
        null,
        36,
        36,
        36,
        null,
        null,
        null,
        1,
        36,
        36,
        36,
        null,
        null,
        1,
        null,
        1,
        8,
        8,
        null,
        null,
        null
      ],
      "/Users/USER/Documents/workspace/grimm/lib/grimm/orm/grimm_record.rb": [
        1,
        1,
        1,
        null,
        1,
        1,
        1,
        1,
        null,
        1,
        2,
        null,
        null,
        1,
        6,
        null,
        null,
        1,
        1,
        1,
        5,
        5,
        5,
        11,
        null,
        5,
        null,
        1,
        1,
        1,
        null,
        null,
        1,
        2,
        2,
        12,
        null,
        null,
        null,
        1,
        15,
        15,
        2,
        13,
        1,
        12,
        5,
        7,
        6,
        null,
        null,
        null,
        1,
        30,
        30,
        150,
        null,
        null,
        1,
        1,
        1,
        5,
        null,
        null,
        1,
        29,
        29,
        29,
        null,
        null,
        1,
        1,
        null,
        null,
        1,
        29,
        null,
        null,
        1,
        29,
        null,
        null,
        1,
        29,
        29,
        145,
        null,
        29,
        null,
        null,
        null
      ],
      "/Users/USER/Documents/workspace/grimm/lib/grimm/orm/database_connector.rb": [
        1,
        1,
        1,
        1,
        null,
        null,
        1,
        78,
        78,
        42,
        null,
        null,
        null
      ],
      "/Users/USER/Documents/workspace/grimm/lib/grimm/orm/queries.rb": [
        1,
        1,
        null,
        1,
        5,
        null,
        5,
        null,
        null,
        1,
        16,
        null,
        16,
        24,
        null,
        null,
        null,
        1,
        1,
        null,
        null,
        1,
        24,
        null,
        null,
        1,
        1,
        null,
        null,
        null,
        1,
        30,
        1,
        null,
        null,
        29,
        null,
        null,
        null,
        null,
        null,
        null
      ],
      "/Users/USER/Documents/workspace/grimm/spec/features/grimm_app/config/routes.rb": [
        1,
        1,
        1,
        null
      ],
      "/Users/USER/Documents/workspace/grimm/spec/features/get_routes_spec.rb": [
        1,
        null,
        1,
        null,
        1,
        1,
        1,
        null,
        null,
        1,
        1,
        1,
        null,
        null,
        1,
        1,
        1,
        1,
        1,
        1,
        1,
        1,
        null,
        null
      ],
      "/Users/USER/Documents/workspace/grimm/spec/features/post_route_spec.rb": [
        1,
        null,
        1,
        null,
        1,
        1,
        1,
        1,
        1,
        1,
        null,
        null
      ],
      "/Users/USER/Documents/workspace/grimm/spec/features/put_routes_spec.rb": [
        1,
        null,
        1,
        2,
        null,
        1,
        1,
        1,
        1,
        1,
        1,
        1,
        1,
        1,
        1,
        1,
        null,
        null
      ],
      "/Users/USER/Documents/workspace/grimm/spec/grimm_gem/controller_spec.rb": [
        1,
        1,
        null
      ],
      "/Users/USER/Documents/workspace/grimm/spec/grimm_gem/dependencies_spec.rb": [
        1
      ],
      "/Users/USER/Documents/workspace/grimm/spec/grimm_gem/grimm_records_spec.rb": [
        1,
        1,
        1,
        1,
        1,
        1,
        null,
        null,
        1,
        1,
        null,
        null,
        1,
        1,
        null,
        null,
        1,
        1,
        null,
        null,
        1,
        1,
        null,
        null,
        1,
        1,
        null,
        null,
        1,
        1,
        null,
        null,
        1,
        1,
        null,
        null,
        null
      ],
      "/Users/USER/Documents/workspace/grimm/spec/grimm_gem/grimm_spec.rb": [
        1,
        null,
        1,
        2,
        1,
        1,
        null,
        null,
        1,
        1,
        null,
        null,
        null,
        1,
        1,
        1,
        null,
        null
      ],
      "/Users/USER/Documents/workspace/grimm/spec/grimm_gem/utilities_spec.rb": [
        1,
        null,
        1,
        1,
        1,
        null,
        null,
        1,
        1,
        null,
        null
      ],
      "/Users/USER/Documents/workspace/grimm/spec/features/grimm_app/app/models/list.rb": [
        1,
        1,
        1,
        1,
        1,
        1,
        1,
        1,
        null
      ],
      "/Users/USER/Documents/workspace/grimm/spec/features/grimm_app/app/controllers/lists_controller.rb": [
        1,
        1,
        16,
        null,
        null,
        1,
        2,
        null,
        null,
        1,
        1,
        1,
        1,
        1,
        1,
        1,
        null,
        null,
        1,
        null,
        null,
        1,
        2,
        null,
        null,
        1,
        1,
        1,
        null,
        null,
        1,
        6,
        6,
        6,
        6,
        6,
        6,
        6,
        null,
        null,
        1,
        null,
        1,
        21,
        null,
        null
      ],
      "/Users/USER/Documents/workspace/grimm/spec/features/grimm_app/app/controllers/application_controller.rb": [
        1,
        null,
        null
      ]
    },
    "timestamp": 1453935460
  }
}
